[0.377s] Invoking command in '/root/milo_ws/src/milo_description': PYTHONPATH=/root/milo_ws/build/milo_description/prefix_override:/root/milo_ws/install/milo_description/lib/python3.10/site-packages:${PYTHONPATH} /usr/bin/python3 -W ignore:setup.py install is deprecated setup.py egg_info --egg-base ../../build/milo_description build --build-base /root/milo_ws/build/milo_description/build install --record /root/milo_ws/build/milo_description/install.log --single-version-externally-managed install_data
[0.521s] running egg_info
[0.522s] writing ../../build/milo_description/milo_description.egg-info/PKG-INFO
[0.522s] writing dependency_links to ../../build/milo_description/milo_description.egg-info/dependency_links.txt
[0.522s] writing entry points to ../../build/milo_description/milo_description.egg-info/entry_points.txt
[0.522s] writing requirements to ../../build/milo_description/milo_description.egg-info/requires.txt
[0.522s] writing top-level names to ../../build/milo_description/milo_description.egg-info/top_level.txt
[0.523s] reading manifest file '../../build/milo_description/milo_description.egg-info/SOURCES.txt'
[0.523s] writing manifest file '../../build/milo_description/milo_description.egg-info/SOURCES.txt'
[0.524s] running build
[0.524s] running build_py
[0.524s] running install
[0.524s] running install_lib
[0.524s] running install_data
[0.524s] copying launch/launch_sim.launch.py -> /root/milo_ws/install/milo_description/share/milo_description/launch
[0.525s] copying worlds/obstacles.world -> /root/milo_ws/install/milo_description/share/milo_description/worlds
[0.525s] running install_egg_info
[0.526s] removing '/root/milo_ws/install/milo_description/lib/python3.10/site-packages/milo_description-0.0.0-py3.10.egg-info' (and everything under it)
[0.526s] Copying ../../build/milo_description/milo_description.egg-info to /root/milo_ws/install/milo_description/lib/python3.10/site-packages/milo_description-0.0.0-py3.10.egg-info
[0.527s] running install_scripts
[0.543s] writing list of installed files to '/root/milo_ws/build/milo_description/install.log'
[0.560s] Invoked command in '/root/milo_ws/src/milo_description' returned '0': PYTHONPATH=/root/milo_ws/build/milo_description/prefix_override:/root/milo_ws/install/milo_description/lib/python3.10/site-packages:${PYTHONPATH} /usr/bin/python3 -W ignore:setup.py install is deprecated setup.py egg_info --egg-base ../../build/milo_description build --build-base /root/milo_ws/build/milo_description/build install --record /root/milo_ws/build/milo_description/install.log --single-version-externally-managed install_data
