running develop
Removing /root/milo_ws/install/milo_description/lib/python3.10/site-packages/milo-description.egg-link (link to .)
running egg_info
writing ../../build/milo_description/milo_description.egg-info/PKG-INFO
writing dependency_links to ../../build/milo_description/milo_description.egg-info/dependency_links.txt
writing entry points to ../../build/milo_description/milo_description.egg-info/entry_points.txt
writing requirements to ../../build/milo_description/milo_description.egg-info/requires.txt
writing top-level names to ../../build/milo_description/milo_description.egg-info/top_level.txt
reading manifest file '../../build/milo_description/milo_description.egg-info/SOURCES.txt'
writing manifest file '../../build/milo_description/milo_description.egg-info/SOURCES.txt'
running build
running build_py
running install
running install_lib
creating /root/milo_ws/install/milo_description/lib/python3.10/site-packages/milo_description
copying /root/milo_ws/build/milo_description/build/lib/milo_description/__init__.py -> /root/milo_ws/install/milo_description/lib/python3.10/site-packages/milo_description
byte-compiling /root/milo_ws/install/milo_description/lib/python3.10/site-packages/milo_description/__init__.py to __init__.cpython-310.pyc
running install_data
running install_egg_info
Copying ../../build/milo_description/milo_description.egg-info to /root/milo_ws/install/milo_description/lib/python3.10/site-packages/milo_description-0.0.0-py3.10.egg-info
running install_scripts
writing list of installed files to '/root/milo_ws/build/milo_description/install.log'
