[0.426s] Invoking command in '/root/milo_ws/build/milo_description': PYTHONPATH=/root/milo_ws/build/milo_description/prefix_override:/root/milo_ws/install/milo_description/lib/python3.10/site-packages:${PYTHONPATH} /usr/bin/python3 setup.py develop --uninstall --editable --build-directory /root/milo_ws/build/milo_description/build
[0.578s] running develop
[0.653s] Removing /root/milo_ws/install/milo_description/lib/python3.10/site-packages/milo-description.egg-link (link to .)
[0.670s] Invoked command in '/root/milo_ws/build/milo_description' returned '0': PYTHONPATH=/root/milo_ws/build/milo_description/prefix_override:/root/milo_ws/install/milo_description/lib/python3.10/site-packages:${PYTHONPATH} /usr/bin/python3 setup.py develop --uninstall --editable --build-directory /root/milo_ws/build/milo_description/build
[0.672s] Invoking command in '/root/milo_ws/src/milo_description': PYTHONPATH=/root/milo_ws/build/milo_description/prefix_override:/root/milo_ws/install/milo_description/lib/python3.10/site-packages:${PYTHONPATH} /usr/bin/python3 setup.py egg_info --egg-base ../../build/milo_description build --build-base /root/milo_ws/build/milo_description/build install --record /root/milo_ws/build/milo_description/install.log --single-version-externally-managed
[0.814s] running egg_info
[0.815s] writing ../../build/milo_description/milo_description.egg-info/PKG-INFO
[0.815s] writing dependency_links to ../../build/milo_description/milo_description.egg-info/dependency_links.txt
[0.815s] writing entry points to ../../build/milo_description/milo_description.egg-info/entry_points.txt
[0.815s] writing requirements to ../../build/milo_description/milo_description.egg-info/requires.txt
[0.815s] writing top-level names to ../../build/milo_description/milo_description.egg-info/top_level.txt
[0.816s] reading manifest file '../../build/milo_description/milo_description.egg-info/SOURCES.txt'
[0.817s] writing manifest file '../../build/milo_description/milo_description.egg-info/SOURCES.txt'
[0.817s] running build
[0.817s] running build_py
[0.817s] running install
[0.817s] running install_lib
[0.817s] creating /root/milo_ws/install/milo_description/lib/python3.10/site-packages/milo_description
[0.817s] copying /root/milo_ws/build/milo_description/build/lib/milo_description/__init__.py -> /root/milo_ws/install/milo_description/lib/python3.10/site-packages/milo_description
[0.817s] byte-compiling /root/milo_ws/install/milo_description/lib/python3.10/site-packages/milo_description/__init__.py to __init__.cpython-310.pyc
[0.817s] running install_data
[0.818s] running install_egg_info
[0.819s] Copying ../../build/milo_description/milo_description.egg-info to /root/milo_ws/install/milo_description/lib/python3.10/site-packages/milo_description-0.0.0-py3.10.egg-info
[0.819s] running install_scripts
[0.835s] writing list of installed files to '/root/milo_ws/build/milo_description/install.log'
[0.865s] Invoked command in '/root/milo_ws/src/milo_description' returned '0': PYTHONPATH=/root/milo_ws/build/milo_description/prefix_override:/root/milo_ws/install/milo_description/lib/python3.10/site-packages:${PYTHONPATH} /usr/bin/python3 setup.py egg_info --egg-base ../../build/milo_description build --build-base /root/milo_ws/build/milo_description/build install --record /root/milo_ws/build/milo_description/install.log --single-version-externally-managed
