[0.401s] Invoking command in '/root/milo_ws/src/milo_description': PYTHONPATH=/root/milo_ws/build/milo_description/prefix_override:/root/milo_ws/install/milo_description/lib/python3.10/site-packages:${PYTHONPATH} /usr/bin/python3 setup.py egg_info --egg-base ../../build/milo_description build --build-base /root/milo_ws/build/milo_description/build install --record /root/milo_ws/build/milo_description/install.log --single-version-externally-managed
[0.540s] running egg_info
[0.540s] creating ../../build/milo_description/milo_description.egg-info
[0.540s] writing ../../build/milo_description/milo_description.egg-info/PKG-INFO
[0.540s] writing dependency_links to ../../build/milo_description/milo_description.egg-info/dependency_links.txt
[0.540s] writing entry points to ../../build/milo_description/milo_description.egg-info/entry_points.txt
[0.540s] writing requirements to ../../build/milo_description/milo_description.egg-info/requires.txt
[0.540s] writing top-level names to ../../build/milo_description/milo_description.egg-info/top_level.txt
[0.540s] writing manifest file '../../build/milo_description/milo_description.egg-info/SOURCES.txt'
[0.542s] reading manifest file '../../build/milo_description/milo_description.egg-info/SOURCES.txt'
[0.542s] writing manifest file '../../build/milo_description/milo_description.egg-info/SOURCES.txt'
[0.542s] running build
[0.542s] running build_py
[0.542s] creating /root/milo_ws/build/milo_description/build
[0.542s] creating /root/milo_ws/build/milo_description/build/lib
[0.542s] creating /root/milo_ws/build/milo_description/build/lib/milo_description
[0.542s] copying milo_description/__init__.py -> /root/milo_ws/build/milo_description/build/lib/milo_description
[0.542s] running install
[0.542s] running install_lib
[0.543s] creating /root/milo_ws/install/milo_description/lib/python3.10/site-packages/milo_description
[0.543s] copying /root/milo_ws/build/milo_description/build/lib/milo_description/__init__.py -> /root/milo_ws/install/milo_description/lib/python3.10/site-packages/milo_description
[0.543s] byte-compiling /root/milo_ws/install/milo_description/lib/python3.10/site-packages/milo_description/__init__.py to __init__.cpython-310.pyc
[0.543s] running install_data
[0.543s] creating /root/milo_ws/install/milo_description/share/ament_index
[0.543s] creating /root/milo_ws/install/milo_description/share/ament_index/resource_index
[0.543s] creating /root/milo_ws/install/milo_description/share/ament_index/resource_index/packages
[0.543s] copying resource/milo_description -> /root/milo_ws/install/milo_description/share/ament_index/resource_index/packages
[0.543s] copying package.xml -> /root/milo_ws/install/milo_description/share/milo_description
[0.543s] running install_egg_info
[0.544s] Copying ../../build/milo_description/milo_description.egg-info to /root/milo_ws/install/milo_description/lib/python3.10/site-packages/milo_description-0.0.0-py3.10.egg-info
[0.545s] running install_scripts
[0.557s] writing list of installed files to '/root/milo_ws/build/milo_description/install.log'
[0.571s] Invoked command in '/root/milo_ws/src/milo_description' returned '0': PYTHONPATH=/root/milo_ws/build/milo_description/prefix_override:/root/milo_ws/install/milo_description/lib/python3.10/site-packages:${PYTHONPATH} /usr/bin/python3 setup.py egg_info --egg-base ../../build/milo_description build --build-base /root/milo_ws/build/milo_description/build install --record /root/milo_ws/build/milo_description/install.log --single-version-externally-managed
