[0.371s] Invoking command in '/root/milo_ws/src/milo_description': PYTHONPATH=/root/milo_ws/build/milo_description/prefix_override:/root/milo_ws/install/milo_description/lib/python3.10/site-packages:${PYTHONPATH} /usr/bin/python3 -W ignore:setup.py install is deprecated setup.py egg_info --egg-base ../../build/milo_description build --build-base /root/milo_ws/build/milo_description/build install --record /root/milo_ws/build/milo_description/install.log --single-version-externally-managed install_data
[0.512s] running egg_info
[0.512s] creating ../../build/milo_description/milo_description.egg-info
[0.512s] writing ../../build/milo_description/milo_description.egg-info/PKG-INFO
[0.512s] writing dependency_links to ../../build/milo_description/milo_description.egg-info/dependency_links.txt
[0.512s] writing entry points to ../../build/milo_description/milo_description.egg-info/entry_points.txt
[0.512s] writing requirements to ../../build/milo_description/milo_description.egg-info/requires.txt
[0.512s] writing top-level names to ../../build/milo_description/milo_description.egg-info/top_level.txt
[0.512s] writing manifest file '../../build/milo_description/milo_description.egg-info/SOURCES.txt'
[0.513s] reading manifest file '../../build/milo_description/milo_description.egg-info/SOURCES.txt'
[0.514s] writing manifest file '../../build/milo_description/milo_description.egg-info/SOURCES.txt'
[0.514s] running build
[0.514s] running build_py
[0.514s] creating /root/milo_ws/build/milo_description/build
[0.514s] creating /root/milo_ws/build/milo_description/build/lib
[0.514s] creating /root/milo_ws/build/milo_description/build/lib/milo_description
[0.514s] copying milo_description/__init__.py -> /root/milo_ws/build/milo_description/build/lib/milo_description
[0.514s] running install
[0.514s] running install_lib
[0.514s] creating /root/milo_ws/install/milo_description/lib/python3.10/site-packages/milo_description
[0.514s] copying /root/milo_ws/build/milo_description/build/lib/milo_description/__init__.py -> /root/milo_ws/install/milo_description/lib/python3.10/site-packages/milo_description
[0.515s] byte-compiling /root/milo_ws/install/milo_description/lib/python3.10/site-packages/milo_description/__init__.py to __init__.cpython-310.pyc
[0.515s] running install_data
[0.515s] creating /root/milo_ws/install/milo_description/share/ament_index
[0.515s] creating /root/milo_ws/install/milo_description/share/ament_index/resource_index
[0.515s] creating /root/milo_ws/install/milo_description/share/ament_index/resource_index/packages
[0.515s] copying resource/milo_description -> /root/milo_ws/install/milo_description/share/ament_index/resource_index/packages
[0.515s] copying package.xml -> /root/milo_ws/install/milo_description/share/milo_description
[0.515s] creating /root/milo_ws/install/milo_description/share/milo_description/launch
[0.515s] copying launch/rsp.launch.py -> /root/milo_ws/install/milo_description/share/milo_description/launch
[0.515s] copying launch/launch_sim.launch.py -> /root/milo_ws/install/milo_description/share/milo_description/launch
[0.515s] creating /root/milo_ws/install/milo_description/share/milo_description/models
[0.515s] creating /root/milo_ws/install/milo_description/share/milo_description/models/milo_bot
[0.515s] copying models/milo_bot/lidar.xacro -> /root/milo_ws/install/milo_description/share/milo_description/models/milo_bot
[0.515s] copying models/milo_bot/skid_steer_control.xacro -> /root/milo_ws/install/milo_description/share/milo_description/models/milo_bot
[0.516s] copying models/milo_bot/camera.xacro -> /root/milo_ws/install/milo_description/share/milo_description/models/milo_bot
[0.516s] copying models/milo_bot/robot.urdf.xacro -> /root/milo_ws/install/milo_description/share/milo_description/models/milo_bot
[0.516s] copying models/milo_bot/robot_core.xacro -> /root/milo_ws/install/milo_description/share/milo_description/models/milo_bot
[0.516s] copying models/milo_bot/ros2_control.xacro -> /root/milo_ws/install/milo_description/share/milo_description/models/milo_bot
[0.516s] copying models/milo_bot/inertial_macros.xacro -> /root/milo_ws/install/milo_description/share/milo_description/models/milo_bot
[0.516s] creating /root/milo_ws/install/milo_description/share/milo_description/config
[0.516s] copying config/view_milo.rviz -> /root/milo_ws/install/milo_description/share/milo_description/config
[0.517s] copying config/my_controllers.yaml -> /root/milo_ws/install/milo_description/share/milo_description/config
[0.517s] copying config/gazebo_params.yaml -> /root/milo_ws/install/milo_description/share/milo_description/config
[0.517s] creating /root/milo_ws/install/milo_description/share/milo_description/worlds
[0.517s] copying worlds/obstacles.world -> /root/milo_ws/install/milo_description/share/milo_description/worlds
[0.517s] running install_egg_info
[0.518s] Copying ../../build/milo_description/milo_description.egg-info to /root/milo_ws/install/milo_description/lib/python3.10/site-packages/milo_description-0.0.0-py3.10.egg-info
[0.519s] running install_scripts
[0.531s] writing list of installed files to '/root/milo_ws/build/milo_description/install.log'
[0.547s] Invoked command in '/root/milo_ws/src/milo_description' returned '0': PYTHONPATH=/root/milo_ws/build/milo_description/prefix_override:/root/milo_ws/install/milo_description/lib/python3.10/site-packages:${PYTHONPATH} /usr/bin/python3 -W ignore:setup.py install is deprecated setup.py egg_info --egg-base ../../build/milo_description build --build-base /root/milo_ws/build/milo_description/build install --record /root/milo_ws/build/milo_description/install.log --single-version-externally-managed install_data
