[0.385s] Invoking command in '/root/milo_ws/src/milo_description': PYTHONPATH=/root/milo_ws/build/milo_description/prefix_override:/root/milo_ws/install/milo_description/lib/python3.10/site-packages:${PYTHONPATH} /usr/bin/python3 -W ignore:setup.py install is deprecated setup.py egg_info --egg-base ../../build/milo_description build --build-base /root/milo_ws/build/milo_description/build install --record /root/milo_ws/build/milo_description/install.log --single-version-externally-managed install_data
[0.533s] running egg_info
[0.534s] writing ../../build/milo_description/milo_description.egg-info/PKG-INFO
[0.534s] writing dependency_links to ../../build/milo_description/milo_description.egg-info/dependency_links.txt
[0.534s] writing entry points to ../../build/milo_description/milo_description.egg-info/entry_points.txt
[0.534s] writing requirements to ../../build/milo_description/milo_description.egg-info/requires.txt
[0.534s] writing top-level names to ../../build/milo_description/milo_description.egg-info/top_level.txt
[0.535s] reading manifest file '../../build/milo_description/milo_description.egg-info/SOURCES.txt'
[0.536s] writing manifest file '../../build/milo_description/milo_description.egg-info/SOURCES.txt'
[0.536s] running build
[0.536s] running build_py
[0.536s] running install
[0.537s] running install_lib
[0.538s] running install_data
[0.538s] copying models/milo_bot/ros2_control.xacro -> /root/milo_ws/install/milo_description/share/milo_description/models/milo_bot
[0.538s] running install_egg_info
[0.539s] removing '/root/milo_ws/install/milo_description/lib/python3.10/site-packages/milo_description-0.0.0-py3.10.egg-info' (and everything under it)
[0.540s] Copying ../../build/milo_description/milo_description.egg-info to /root/milo_ws/install/milo_description/lib/python3.10/site-packages/milo_description-0.0.0-py3.10.egg-info
[0.540s] running install_scripts
[0.554s] writing list of installed files to '/root/milo_ws/build/milo_description/install.log'
[0.570s] Invoked command in '/root/milo_ws/src/milo_description' returned '0': PYTHONPATH=/root/milo_ws/build/milo_description/prefix_override:/root/milo_ws/install/milo_description/lib/python3.10/site-packages:${PYTHONPATH} /usr/bin/python3 -W ignore:setup.py install is deprecated setup.py egg_info --egg-base ../../build/milo_description build --build-base /root/milo_ws/build/milo_description/build install --record /root/milo_ws/build/milo_description/install.log --single-version-externally-managed install_data
