/root/milo_ws/install/milo_description/lib/python3.10/site-packages/milo_description/__init__.py
/root/milo_ws/install/milo_description/lib/python3.10/site-packages/milo_description/__pycache__/__init__.cpython-310.pyc
/root/milo_ws/install/milo_description/share/ament_index/resource_index/packages/milo_description
/root/milo_ws/install/milo_description/share/milo_description/package.xml
/root/milo_ws/install/milo_description/share/milo_description/launch/rsp.launch.py
/root/milo_ws/install/milo_description/share/milo_description/launch/launch_sim.launch.py
/root/milo_ws/install/milo_description/share/milo_description/models/milo_bot/lidar.xacro
/root/milo_ws/install/milo_description/share/milo_description/models/milo_bot/skid_steer_control.xacro
/root/milo_ws/install/milo_description/share/milo_description/models/milo_bot/camera.xacro
/root/milo_ws/install/milo_description/share/milo_description/models/milo_bot/robot.urdf.xacro
/root/milo_ws/install/milo_description/share/milo_description/models/milo_bot/robot_core.xacro
/root/milo_ws/install/milo_description/share/milo_description/models/milo_bot/ros2_control.xacro
/root/milo_ws/install/milo_description/share/milo_description/models/milo_bot/inertial_macros.xacro
/root/milo_ws/install/milo_description/share/milo_description/config/view_milo.rviz
/root/milo_ws/install/milo_description/share/milo_description/config/my_controllers.yaml
/root/milo_ws/install/milo_description/share/milo_description/config/gazebo_params.yaml
/root/milo_ws/install/milo_description/share/milo_description/worlds/obstacles.world
/root/milo_ws/install/milo_description/lib/python3.10/site-packages/milo_description-0.0.0-py3.10.egg-info/zip-safe
/root/milo_ws/install/milo_description/lib/python3.10/site-packages/milo_description-0.0.0-py3.10.egg-info/SOURCES.txt
/root/milo_ws/install/milo_description/lib/python3.10/site-packages/milo_description-0.0.0-py3.10.egg-info/top_level.txt
/root/milo_ws/install/milo_description/lib/python3.10/site-packages/milo_description-0.0.0-py3.10.egg-info/entry_points.txt
/root/milo_ws/install/milo_description/lib/python3.10/site-packages/milo_description-0.0.0-py3.10.egg-info/dependency_links.txt
/root/milo_ws/install/milo_description/lib/python3.10/site-packages/milo_description-0.0.0-py3.10.egg-info/PKG-INFO
/root/milo_ws/install/milo_description/lib/python3.10/site-packages/milo_description-0.0.0-py3.10.egg-info/requires.txt
