[0.420s] Invoking command in '/root/milo_ws/src/milo_description': PYTHONPATH=/root/milo_ws/build/milo_description/prefix_override:/root/milo_ws/install/milo_description/lib/python3.10/site-packages:${PYTHONPATH} /usr/bin/python3 setup.py egg_info --egg-base ../../build/milo_description build --build-base /root/milo_ws/build/milo_description/build install --record /root/milo_ws/build/milo_description/install.log --single-version-externally-managed
[0.559s] running egg_info
[0.559s] writing ../../build/milo_description/milo_description.egg-info/PKG-INFO
[0.559s] writing dependency_links to ../../build/milo_description/milo_description.egg-info/dependency_links.txt
[0.560s] writing entry points to ../../build/milo_description/milo_description.egg-info/entry_points.txt
[0.560s] writing requirements to ../../build/milo_description/milo_description.egg-info/requires.txt
[0.560s] writing top-level names to ../../build/milo_description/milo_description.egg-info/top_level.txt
[0.561s] reading manifest file '../../build/milo_description/milo_description.egg-info/SOURCES.txt'
[0.561s] writing manifest file '../../build/milo_description/milo_description.egg-info/SOURCES.txt'
[0.561s] running build
[0.561s] running build_py
[0.561s] running install
[0.562s] running install_lib
[0.562s] running install_data
[0.563s] copying models/milo_bot/lidar.xacro -> /root/milo_ws/install/milo_description/share/milo_description/models/milo_bot
[0.563s] running install_egg_info
[0.564s] removing '/root/milo_ws/install/milo_description/lib/python3.10/site-packages/milo_description-0.0.0-py3.10.egg-info' (and everything under it)
[0.564s] Copying ../../build/milo_description/milo_description.egg-info to /root/milo_ws/install/milo_description/lib/python3.10/site-packages/milo_description-0.0.0-py3.10.egg-info
[0.565s] running install_scripts
[0.579s] writing list of installed files to '/root/milo_ws/build/milo_description/install.log'
[0.595s] Invoked command in '/root/milo_ws/src/milo_description' returned '0': PYTHONPATH=/root/milo_ws/build/milo_description/prefix_override:/root/milo_ws/install/milo_description/lib/python3.10/site-packages:${PYTHONPATH} /usr/bin/python3 setup.py egg_info --egg-base ../../build/milo_description build --build-base /root/milo_ws/build/milo_description/build install --record /root/milo_ws/build/milo_description/install.log --single-version-externally-managed
