[0.415s] Invoking command in '/root/milo_ws/src/milo_description': PYTHONPATH=/root/milo_ws/build/milo_description/prefix_override:/root/milo_ws/install/milo_description/lib/python3.10/site-packages:${PYTHONPATH} /usr/bin/python3 setup.py egg_info --egg-base ../../build/milo_description build --build-base /root/milo_ws/build/milo_description/build install --record /root/milo_ws/build/milo_description/install.log --single-version-externally-managed
[0.555s] running egg_info
[0.555s] writing ../../build/milo_description/milo_description.egg-info/PKG-INFO
[0.556s] writing dependency_links to ../../build/milo_description/milo_description.egg-info/dependency_links.txt
[0.556s] writing entry points to ../../build/milo_description/milo_description.egg-info/entry_points.txt
[0.556s] writing requirements to ../../build/milo_description/milo_description.egg-info/requires.txt
[0.556s] writing top-level names to ../../build/milo_description/milo_description.egg-info/top_level.txt
[0.557s] reading manifest file '../../build/milo_description/milo_description.egg-info/SOURCES.txt'
[0.557s] writing manifest file '../../build/milo_description/milo_description.egg-info/SOURCES.txt'
[0.557s] running build
[0.558s] running build_py
[0.558s] running install
[0.558s] running install_lib
[0.558s] running install_data
[0.559s] copying models/milo_bot/robot.urdf.xacro -> /root/milo_ws/install/milo_description/share/milo_description/models/milo_bot
[0.559s] running install_egg_info
[0.560s] removing '/root/milo_ws/install/milo_description/lib/python3.10/site-packages/milo_description-0.0.0-py3.10.egg-info' (and everything under it)
[0.560s] Copying ../../build/milo_description/milo_description.egg-info to /root/milo_ws/install/milo_description/lib/python3.10/site-packages/milo_description-0.0.0-py3.10.egg-info
[0.561s] running install_scripts
[0.574s] writing list of installed files to '/root/milo_ws/build/milo_description/install.log'
[0.592s] Invoked command in '/root/milo_ws/src/milo_description' returned '0': PYTHONPATH=/root/milo_ws/build/milo_description/prefix_override:/root/milo_ws/install/milo_description/lib/python3.10/site-packages:${PYTHONPATH} /usr/bin/python3 setup.py egg_info --egg-base ../../build/milo_description build --build-base /root/milo_ws/build/milo_description/build install --record /root/milo_ws/build/milo_description/install.log --single-version-externally-managed
