[0.376s] Invoking command in '/root/milo_ws/src/milo_description': PYTHONPATH=/root/milo_ws/build/milo_description/prefix_override:/root/milo_ws/install/milo_description/lib/python3.10/site-packages:${PYTHONPATH} /usr/bin/python3 -W ignore:setup.py install is deprecated setup.py egg_info --egg-base ../../build/milo_description build --build-base /root/milo_ws/build/milo_description/build install --record /root/milo_ws/build/milo_description/install.log --single-version-externally-managed install_data
[0.527s] running egg_info
[0.527s] writing ../../build/milo_description/milo_description.egg-info/PKG-INFO
[0.527s] writing dependency_links to ../../build/milo_description/milo_description.egg-info/dependency_links.txt
[0.528s] writing entry points to ../../build/milo_description/milo_description.egg-info/entry_points.txt
[0.528s] writing requirements to ../../build/milo_description/milo_description.egg-info/requires.txt
[0.528s] writing top-level names to ../../build/milo_description/milo_description.egg-info/top_level.txt
[0.531s] reading manifest file '../../build/milo_description/milo_description.egg-info/SOURCES.txt'
[0.532s] writing manifest file '../../build/milo_description/milo_description.egg-info/SOURCES.txt'
[0.532s] running build
[0.532s] running build_py
[0.532s] running install
[0.533s] running install_lib
[0.534s] running install_data
[0.535s] copying models/milo_bot/robot.urdf.xacro -> /root/milo_ws/install/milo_description/share/milo_description/models/milo_bot
[0.535s] copying models/milo_bot/ros2_control.xacro -> /root/milo_ws/install/milo_description/share/milo_description/models/milo_bot
[0.535s] running install_egg_info
[0.538s] removing '/root/milo_ws/install/milo_description/lib/python3.10/site-packages/milo_description-0.0.0-py3.10.egg-info' (and everything under it)
[0.538s] Copying ../../build/milo_description/milo_description.egg-info to /root/milo_ws/install/milo_description/lib/python3.10/site-packages/milo_description-0.0.0-py3.10.egg-info
[0.539s] running install_scripts
[0.557s] writing list of installed files to '/root/milo_ws/build/milo_description/install.log'
[0.577s] Invoked command in '/root/milo_ws/src/milo_description' returned '0': PYTHONPATH=/root/milo_ws/build/milo_description/prefix_override:/root/milo_ws/install/milo_description/lib/python3.10/site-packages:${PYTHONPATH} /usr/bin/python3 -W ignore:setup.py install is deprecated setup.py egg_info --egg-base ../../build/milo_description build --build-base /root/milo_ws/build/milo_description/build install --record /root/milo_ws/build/milo_description/install.log --single-version-externally-managed install_data
