[0.391s] Invoking command in '/root/milo_ws/src/milo_description': PYTHONPATH=/root/milo_ws/build/milo_description/prefix_override:/root/milo_ws/install/milo_description/lib/python3.10/site-packages:${PYTHONPATH} /usr/bin/python3 -W ignore:setup.py install is deprecated setup.py egg_info --egg-base ../../build/milo_description build --build-base /root/milo_ws/build/milo_description/build install --record /root/milo_ws/build/milo_description/install.log --single-version-externally-managed install_data
[0.538s] running egg_info
[0.538s] writing ../../build/milo_description/milo_description.egg-info/PKG-INFO
[0.538s] writing dependency_links to ../../build/milo_description/milo_description.egg-info/dependency_links.txt
[0.538s] writing entry points to ../../build/milo_description/milo_description.egg-info/entry_points.txt
[0.539s] writing requirements to ../../build/milo_description/milo_description.egg-info/requires.txt
[0.539s] writing top-level names to ../../build/milo_description/milo_description.egg-info/top_level.txt
[0.539s] reading manifest file '../../build/milo_description/milo_description.egg-info/SOURCES.txt'
[0.540s] writing manifest file '../../build/milo_description/milo_description.egg-info/SOURCES.txt'
[0.540s] running build
[0.540s] running build_py
[0.540s] running install
[0.540s] running install_lib
[0.541s] running install_data
[0.541s] copying config/my_controllers.yaml -> /root/milo_ws/install/milo_description/share/milo_description/config
[0.541s] running install_egg_info
[0.543s] removing '/root/milo_ws/install/milo_description/lib/python3.10/site-packages/milo_description-0.0.0-py3.10.egg-info' (and everything under it)
[0.543s] Copying ../../build/milo_description/milo_description.egg-info to /root/milo_ws/install/milo_description/lib/python3.10/site-packages/milo_description-0.0.0-py3.10.egg-info
[0.543s] running install_scripts
[0.557s] writing list of installed files to '/root/milo_ws/build/milo_description/install.log'
[0.576s] Invoked command in '/root/milo_ws/src/milo_description' returned '0': PYTHONPATH=/root/milo_ws/build/milo_description/prefix_override:/root/milo_ws/install/milo_description/lib/python3.10/site-packages:${PYTHONPATH} /usr/bin/python3 -W ignore:setup.py install is deprecated setup.py egg_info --egg-base ../../build/milo_description build --build-base /root/milo_ws/build/milo_description/build install --record /root/milo_ws/build/milo_description/install.log --single-version-externally-managed install_data
